[0m23:08:23.796074 [debug] [MainThread]: Sending event: {'category': 'dbt', 'action': 'invocation', 'label': 'start', 'context': [<snowplow_tracker.self_describing_json.SelfDescribingJson object at 0x00000282D0DD1C40>, <snowplow_tracker.self_describing_json.SelfDescribingJson object at 0x00000282D0E18F80>, <snowplow_tracker.self_describing_json.SelfDescribingJson object at 0x00000282D0E1BEC0>]}


============================== 23:08:23.801282 | 7e27d13b-ceab-4632-bab3-553fb85eed99 ==============================
[0m23:08:23.801282 [info ] [MainThread]: Running with dbt=1.12.0-rc2
[0m23:08:23.803274 [debug] [MainThread]: running dbt with arguments {'maximum_seed_size_mib': '1', 'no_print': 'None', 'static_parser': 'True', 'target_path': 'None', 'warn_error_options': 'WarnErrorOptionsV2(error=[], warn=[], silence=[])', 'version_check': 'True', 'printer_width': '80', 'write_json': 'True', 'introspect': 'True', 'log_cache_events': 'False', 'empty': 'None', 'cache_selected_only': 'False', 'fail_fast': 'False', 'debug': 'False', 'log_format': 'default', 'profiles_dir': 'C:\\Users\\khuongbv\\.dbt', 'send_anonymous_usage_stats': 'True', 'quiet': 'False', 'warn_error': 'None', 'partial_parse': 'True', 'invocation_command': 'dbt init eras_opera', 'indirect_selection': 'eager', 'use_colors': 'True', 'use_experimental_parser': 'False', 'log_path': 'logs'}
[0m23:08:23.848372 [info ] [MainThread]: Creating dbt configuration folder at C:\Users\khuongbv\.dbt
[0m23:08:23.853411 [debug] [MainThread]: Starter project path: C:\Users\khuongbv\AppData\Local\Programs\Python\Python312\Lib\site-packages\dbt\include\starter_project
[0m23:08:23.896409 [info ] [MainThread]: Setting up your profile.
[0m23:08:23.898503 [error] [MainThread]: [[31mERROR[0m]: Encountered an error:

[0m23:08:23.938920 [error] [MainThread]: Traceback (most recent call last):
  File "C:\Users\khuongbv\AppData\Local\Programs\Python\Python312\Lib\site-packages\dbt\cli\requires.py", line 190, in wrapper
    result, success = func(*args, **kwargs)
                      ^^^^^^^^^^^^^^^^^^^^^
  File "C:\Users\khuongbv\AppData\Local\Programs\Python\Python312\Lib\site-packages\dbt\cli\requires.py", line 136, in wrapper
    return func(*args, **kwargs)
           ^^^^^^^^^^^^^^^^^^^^^
  File "C:\Users\khuongbv\AppData\Local\Programs\Python\Python312\Lib\site-packages\dbt\cli\main.py", line 502, in init
    results = task.run()
              ^^^^^^^^^^
  File "C:\Users\khuongbv\AppData\Local\Programs\Python\Python312\Lib\site-packages\dbt\task\init.py", line 360, in run
    self.setup_profile(profile_name)
  File "C:\Users\khuongbv\AppData\Local\Programs\Python\Python312\Lib\site-packages\dbt\task\init.py", line 263, in setup_profile
    adapter = self.ask_for_adapter_choice()
              ^^^^^^^^^^^^^^^^^^^^^^^^^^^^^
  File "C:\Users\khuongbv\AppData\Local\Programs\Python\Python312\Lib\site-packages\dbt\task\init.py", line 244, in ask_for_adapter_choice
    numeric_choice = click.prompt(prompt_msg, type=click.INT)
                     ^^^^^^^^^^^^^^^^^^^^^^^^^^^^^^^^^^^^^^^^
  File "C:\Users\khuongbv\AppData\Local\Programs\Python\Python312\Lib\site-packages\click\termui.py", line 218, in prompt
    value = prompt_func(prompt)
            ^^^^^^^^^^^^^^^^^^^
  File "C:\Users\khuongbv\AppData\Local\Programs\Python\Python312\Lib\site-packages\click\termui.py", line 201, in prompt_func
    raise Abort() from None
click.exceptions.Abort

[0m23:08:23.943084 [debug] [MainThread]: Command `dbt init` failed at 23:08:23.942163 after 0.34 seconds
[0m23:08:23.943084 [debug] [MainThread]: Sending event: {'category': 'dbt', 'action': 'invocation', 'label': 'end', 'context': [<snowplow_tracker.self_describing_json.SelfDescribingJson object at 0x00000282D0685FD0>, <snowplow_tracker.self_describing_json.SelfDescribingJson object at 0x00000282CE096870>, <snowplow_tracker.self_describing_json.SelfDescribingJson object at 0x00000282D2840BC0>]}
[0m23:08:23.944160 [debug] [MainThread]: Flushing usage events
[0m23:08:25.822990 [debug] [MainThread]: An error was encountered while trying to flush usage events
[0m23:11:43.411717 [debug] [MainThread]: Sending event: {'category': 'dbt', 'action': 'invocation', 'label': 'start', 'context': [<snowplow_tracker.self_describing_json.SelfDescribingJson object at 0x000001C0AF0C8EF0>, <snowplow_tracker.self_describing_json.SelfDescribingJson object at 0x000001C0AC10B290>, <snowplow_tracker.self_describing_json.SelfDescribingJson object at 0x000001C0AF0827B0>]}


============================== 23:11:43.414828 | 620a4e07-ae7d-43ad-9f19-41966553b0dc ==============================
[0m23:11:43.414828 [info ] [MainThread]: Running with dbt=1.12.0-rc2
[0m23:11:43.415727 [debug] [MainThread]: running dbt with arguments {'maximum_seed_size_mib': '1', 'no_print': 'None', 'static_parser': 'True', 'warn_error_options': 'WarnErrorOptionsV2(error=[], warn=[], silence=[])', 'version_check': 'True', 'target_path': 'None', 'printer_width': '80', 'write_json': 'True', 'empty': 'None', 'log_cache_events': 'False', 'introspect': 'True', 'cache_selected_only': 'False', 'log_format': 'default', 'debug': 'False', 'fail_fast': 'False', 'profiles_dir': '.', 'send_anonymous_usage_stats': 'True', 'quiet': 'False', 'warn_error': 'None', 'partial_parse': 'True', 'use_colors': 'True', 'indirect_selection': 'eager', 'invocation_command': 'dbt init eras_opera --profiles-dir . --project-dir .', 'use_experimental_parser': 'False', 'log_path': 'logs'}
[0m23:11:43.434990 [info ] [MainThread]: A project called eras_opera already exists here.
[0m23:11:43.436168 [debug] [MainThread]: Command `dbt init` succeeded at 23:11:43.436168 after 0.16 seconds
[0m23:11:43.437452 [debug] [MainThread]: Sending event: {'category': 'dbt', 'action': 'invocation', 'label': 'end', 'context': [<snowplow_tracker.self_describing_json.SelfDescribingJson object at 0x000001C0AF0827B0>, <snowplow_tracker.self_describing_json.SelfDescribingJson object at 0x000001C0B0A78590>, <snowplow_tracker.self_describing_json.SelfDescribingJson object at 0x000001C0B0BA1D00>]}
[0m23:11:43.437452 [debug] [MainThread]: Flushing usage events
[0m23:11:44.729274 [debug] [MainThread]: An error was encountered while trying to flush usage events
[0m23:16:55.455820 [debug] [MainThread]: Sending event: {'category': 'dbt', 'action': 'invocation', 'label': 'start', 'context': [<snowplow_tracker.self_describing_json.SelfDescribingJson object at 0x000001CBA35A6810>, <snowplow_tracker.self_describing_json.SelfDescribingJson object at 0x000001CBA6CB7FE0>, <snowplow_tracker.self_describing_json.SelfDescribingJson object at 0x000001CBA6BBC740>]}


============================== 23:16:55.464921 | 87803058-285b-4a72-a9c5-10b00972b9bd ==============================
[0m23:16:55.464921 [info ] [MainThread]: Running with dbt=1.12.0-rc2
[0m23:16:55.466915 [debug] [MainThread]: running dbt with arguments {'maximum_seed_size_mib': '1', 'no_print': 'None', 'version_check': 'True', 'warn_error_options': 'WarnErrorOptionsV2(error=[], warn=[], silence=[])', 'target_path': 'None', 'static_parser': 'True', 'printer_width': '80', 'write_json': 'True', 'empty': 'None', 'log_cache_events': 'False', 'introspect': 'True', 'cache_selected_only': 'False', 'fail_fast': 'False', 'debug': 'False', 'log_format': 'default', 'partial_parse': 'True', 'send_anonymous_usage_stats': 'True', 'quiet': 'False', 'warn_error': 'None', 'profiles_dir': 'C:\\Users\\khuongbv\\.dbt', 'use_colors': 'True', 'indirect_selection': 'eager', 'invocation_command': 'dbt init eras_dbt', 'use_experimental_parser': 'False', 'log_path': 'logs'}
[0m23:16:55.497922 [debug] [MainThread]: Starter project path: C:\Users\khuongbv\AppData\Local\Programs\Python\Python312\Lib\site-packages\dbt\include\starter_project
[0m23:16:55.513168 [info ] [MainThread]: Setting up your profile.
[0m23:16:55.515411 [error] [MainThread]: [[31mERROR[0m]: Encountered an error:

[0m23:16:55.518655 [error] [MainThread]: Traceback (most recent call last):
  File "C:\Users\khuongbv\AppData\Local\Programs\Python\Python312\Lib\site-packages\dbt\cli\requires.py", line 190, in wrapper
    result, success = func(*args, **kwargs)
                      ^^^^^^^^^^^^^^^^^^^^^
  File "C:\Users\khuongbv\AppData\Local\Programs\Python\Python312\Lib\site-packages\dbt\cli\requires.py", line 136, in wrapper
    return func(*args, **kwargs)
           ^^^^^^^^^^^^^^^^^^^^^
  File "C:\Users\khuongbv\AppData\Local\Programs\Python\Python312\Lib\site-packages\dbt\cli\main.py", line 502, in init
    results = task.run()
              ^^^^^^^^^^
  File "C:\Users\khuongbv\AppData\Local\Programs\Python\Python312\Lib\site-packages\dbt\task\init.py", line 360, in run
    self.setup_profile(profile_name)
  File "C:\Users\khuongbv\AppData\Local\Programs\Python\Python312\Lib\site-packages\dbt\task\init.py", line 263, in setup_profile
    adapter = self.ask_for_adapter_choice()
              ^^^^^^^^^^^^^^^^^^^^^^^^^^^^^
  File "C:\Users\khuongbv\AppData\Local\Programs\Python\Python312\Lib\site-packages\dbt\task\init.py", line 244, in ask_for_adapter_choice
    numeric_choice = click.prompt(prompt_msg, type=click.INT)
                     ^^^^^^^^^^^^^^^^^^^^^^^^^^^^^^^^^^^^^^^^
  File "C:\Users\khuongbv\AppData\Local\Programs\Python\Python312\Lib\site-packages\click\termui.py", line 218, in prompt
    value = prompt_func(prompt)
            ^^^^^^^^^^^^^^^^^^^
  File "C:\Users\khuongbv\AppData\Local\Programs\Python\Python312\Lib\site-packages\click\termui.py", line 201, in prompt_func
    raise Abort() from None
click.exceptions.Abort

[0m23:16:55.520717 [debug] [MainThread]: Command `dbt init` failed at 23:16:55.520717 after 0.27 seconds
[0m23:16:55.521690 [debug] [MainThread]: Sending event: {'category': 'dbt', 'action': 'invocation', 'label': 'end', 'context': [<snowplow_tracker.self_describing_json.SelfDescribingJson object at 0x000001CBA6C03020>, <snowplow_tracker.self_describing_json.SelfDescribingJson object at 0x000001CBA6D8E960>, <snowplow_tracker.self_describing_json.SelfDescribingJson object at 0x000001CBA892BBF0>]}
[0m23:16:55.521690 [debug] [MainThread]: Flushing usage events
[0m23:16:56.772984 [debug] [MainThread]: An error was encountered while trying to flush usage events
